[0mGET / [32m200[0m 713.990 ms - 14633[0m
[0mGET /favicon.ico [33m404[0m 9.725 ms - 150[0m
[0mGET /users/sign-in [32m200[0m 5.963 ms - 2382[0m
[0mGET /users/css/layouts.css [33m404[0m 4.546 ms - 160[0m
[0mGET /users/css/header.css [33m404[0m 6.076 ms - 159[0m
[0mGET /users/css/footer.css [33m404[0m 2.495 ms - 159[0m
[0mPOST /users/create-session [36m302[0m 38.914 ms - 46[0m
[0mGET / [32m200[0m 87.267 ms - 22447[0m
[0mGET /api/v1/posts/index/1 [33m404[0m 2.487 ms - 159[0m
[0mGET /api/v1/posts/index [33m404[0m 2.396 ms - 157[0m
[0mGET /users/sign-out [36m302[0m 9.145 ms - 46[0m
[0mGET / [32m200[0m 66.987 ms - 14808[0m
[0mGET /users/sign-in [32m200[0m 4.954 ms - 2382[0m
[0mGET /users/css/layouts.css [33m404[0m 4.260 ms - 160[0m
[0mGET /users/css/footer.css [33m404[0m 4.983 ms - 159[0m
[0mGET /users/css/header.css [33m404[0m 3.534 ms - 159[0m
[0mGET /v1/posts [33m404[0m 10.557 ms - 147[0m
[0mGET /v1/posts [33m404[0m 2.152 ms - 147[0m
[0mGET /v1/posts [33m404[0m 3.315 ms - 147[0m
[0mGET /api/v1/posts [32m200[0m 345.213 ms - 10687[0m
[0mGET /api/v1/posts?page=1&limit=5 [32m200[0m 131.571 ms - 10687[0m
[0mGET /api/v1/posts?page=1&limit=5 [32m200[0m 68.735 ms - 10687[0m
[0mGET /api/v1/posts?page=1&limit=5 [32m200[0m 125.215 ms - 10687[0m
[0mGET /api/v1/posts?page=1&limit=5 [32m200[0m 171.563 ms - 10687[0m
[0mGET /api/v1/posts?page=1&limit=5 [32m200[0m 55.465 ms - 10687[0m
[0mGET /api/v1/posts?page=1&limit=5 [32m200[0m 42.301 ms - 10687[0m
[0mGET /api/v1/posts?page=1&limit=5 [36m304[0m 33.816 ms - -[0m
[0mGET /api/v1/posts?page=1&limit=5 [36m304[0m 30.585 ms - -[0m
[0mGET /api/v1/posts?page=1&limit=5 [36m304[0m 72.760 ms - -[0m
[0mGET /api/v1/posts?page=1&limit=5 [36m304[0m 95.210 ms - -[0m
[0mGET /api/v1/posts?page=1&limit=5 [36m304[0m 31.401 ms - -[0m
[0mGET /api/v1/posts?page=1&limit=5 [36m304[0m 31.502 ms - -[0m
[0mGET /api/v1/posts?page=1&limit=5 [36m304[0m 30.360 ms - -[0m
[0mGET /api/v1/posts?page=1&limit=5 [36m304[0m 57.212 ms - -[0m
[0mGET /api/v1/posts?page=1&limit=5 [36m304[0m 203.321 ms - -[0m
[0mGET /api/v1/posts?page=1&limit=5 [36m304[0m 72.272 ms - -[0m
[0mGET /api/v1/posts?page=1&limit=5 [36m304[0m 41.888 ms - -[0m
[0mGET /api/v1/posts?page=1&limit=5 [36m304[0m 34.040 ms - -[0m
[0mGET /api/v1/posts?page=1&limit=5 [36m304[0m 46.672 ms - -[0m
[0mGET /api/v1/posts?page=1&limit=5 [36m304[0m 41.875 ms - -[0m
[0mGET /api/v1/posts?page=1&limit=5 [36m304[0m 75.829 ms - -[0m
[0mGET /api/v1/posts?page=1&limit=5 [36m304[0m 55.771 ms - -[0m
[0mGET /api/v1/posts?page=1&limit=5 [36m304[0m 62.463 ms - -[0m
[0mGET /api/v1/posts?page=1&limit=5 [36m304[0m 135.437 ms - -[0m
[0mGET /api/v1/posts?page=1&limit=5 [36m304[0m 86.127 ms - -[0m
[0mGET /api/v1/posts?page=1&limit=5 [36m304[0m 60.706 ms - -[0m
[0mGET /api/v1/posts?page=1&limit=5 [36m304[0m 134.136 ms - -[0m
[0mGET /api/v1/posts?page=1&limit=5 [36m304[0m 86.697 ms - -[0m
[0mGET /api/v1/posts?page=1&limit=5 [36m304[0m 32.907 ms - -[0m
[0mGET /api/v1/posts?page=1&limit=5 [36m304[0m 73.284 ms - -[0m
[0mGET /api/v1/posts?page=1&limit=5 [36m304[0m 38.196 ms - -[0m
[0mGET /api/v1/posts?page=1&limit=5 [36m304[0m 30.752 ms - -[0m
[0mGET /api/v1/posts?page=1&limit=5 [36m304[0m 40.799 ms - -[0m
[0mGET /api/v1/posts?page=1&limit=5 [36m304[0m 137.753 ms - -[0m
[0mGET /api/v1/posts?page=1&limit=5 [36m304[0m 67.823 ms - -[0m
[0mGET /api/v1/posts?page=1&limit=5 [36m304[0m 39.742 ms - -[0m
[0mGET /api/v1/posts?page=1&limit=5 [36m304[0m 64.095 ms - -[0m
[0mGET /api/v1/posts?page=1&limit=5 [36m304[0m 103.358 ms - -[0m
[0mGET /api/v1/posts?page=1&limit=5 [36m304[0m 88.448 ms - -[0m
[0mGET /api/v1/posts?page=1&limit=5 [36m304[0m 71.740 ms - -[0m
[0mGET /api/v1/posts?page=1&limit=5 [36m304[0m 45.017 ms - -[0m
[0mGET /api/v1/posts?page=1&limit=5 [36m304[0m 28.889 ms - -[0m
[0mGET /api/v1/posts?page=1&limit=5 [36m304[0m 37.519 ms - -[0m
[0mGET /api/v1/posts?page=1&limit=5 [36m304[0m 129.462 ms - -[0m
[0mGET /api/v1/posts?page=1&limit=5 [36m304[0m 65.790 ms - -[0m
[0mGET /api/v1/posts?page=1&limit=5 [36m304[0m 47.339 ms - -[0m
[0mGET /api/v1/posts?page=1&limit=5 [36m304[0m 68.569 ms - -[0m
[0mGET /api/v1/posts?page=1&limit=5 [36m304[0m 122.700 ms - -[0m
[0mGET /api/v1/posts?page=1&limit=5 [36m304[0m 25.540 ms - -[0m
[0mGET /api/v1/posts?page=1&limit=5 [36m304[0m 27.432 ms - -[0m
[0mGET /api/v1/posts?page=1&limit=5 [36m304[0m 201.215 ms - -[0m
[0mGET /api/v1/posts?page=1&limit=5 [36m304[0m 117.422 ms - -[0m
[0mGET /api/v1/posts?page=1&limit=5 [36m304[0m 60.706 ms - -[0m
[0mGET /api/v1/posts?page=1&limit=5 [36m304[0m 28.010 ms - -[0m
[0mGET /api/v1/posts?page=1&limit=5 [36m304[0m 37.595 ms - -[0m
[0mGET /api/v1/posts?page=1&limit=5 [36m304[0m 59.451 ms - -[0m
[0mGET /api/v1/posts?page=1&limit=5 [36m304[0m 28.232 ms - -[0m
[0mGET /api/v1/posts?page=1&limit=5 [36m304[0m 51.974 ms - -[0m
[0mGET /api/v1/posts?page=1&limit=5 [36m304[0m 45.976 ms - -[0m
[0mGET /api/v1/posts?page=1&limit=5 [36m304[0m 31.817 ms - -[0m
[0mGET /api/v1/posts?page=1&limit=5 [36m304[0m 49.283 ms - -[0m
[0mGET /api/v1/posts?page=1&limit=5 [36m304[0m 35.992 ms - -[0m
[0mGET /api/v1/posts?page=1&limit=5 [36m304[0m 30.595 ms - -[0m
[0mGET /api/v1/posts?page=1&limit=5 [36m304[0m 63.770 ms - -[0m
[0mGET /api/v1/posts?page=1&limit=5 [36m304[0m 140.555 ms - -[0m
[0mGET /api/v1/posts?page=1&limit=5 [36m304[0m 62.986 ms - -[0m
[0mGET /api/v1/posts?page=1&limit=5 [36m304[0m 68.975 ms - -[0m
[0mGET /api/v1/posts?page=1&limit=5 [36m304[0m 58.872 ms - -[0m
[0mGET /api/v1/posts?page=1&limit=5 [36m304[0m 91.694 ms - -[0m
[0mGET /api/v1/posts?page=1&limit=5 [36m304[0m 57.694 ms - -[0m
[0mGET /api/v1/posts?page=1&limit=5 [36m304[0m 77.544 ms - -[0m
[0mGET /api/v1/posts?page=1&limit=5 [36m304[0m 33.729 ms - -[0m
[0mGET /api/v1/posts?page=1&limit=5 [36m304[0m 34.343 ms - -[0m
[0mGET /api/v1/posts?page=1&limit=5 [36m304[0m 35.245 ms - -[0m
[0mGET /api/v1/posts?page=1&limit=5 [36m304[0m 589.099 ms - -[0m
[0mGET /api/v1/posts?page=1&limit=5 [36m304[0m 117.090 ms - -[0m
[0mGET / [32m200[0m 5362.795 ms - 14633[0m
